{"message":"Thu Jun 24 2021 20:54:10 GMT-0300 (Horário Padrão de Brasília) - status: {\"cep\":\"14401-224\",\"rua\":\"Rua Pompílio Liporoni\",\"bairro\":\"Jardim Boa Esperança\",\"cidade\":\"Franca\",\"uf\":\"SP\"}","level":"info"}
{"message":"Thu Jun 24 2021 20:54:18 GMT-0300 (Horário Padrão de Brasília) - status: {\"cep\":\"14401-000\",\"rua\":\"Avenida Doutor Hélio Palermo\",\"bairro\":\"Prolongamento Vila Duque de Caxias\",\"cidade\":\"Franca\",\"uf\":\"SP\"}","level":"info"}
{"message":"Thu Jun 24 2021 20:54:21 GMT-0300 (Horário Padrão de Brasília) - status: \"eyJhbGciOiJIUzI1NiJ9.YWRtaW4.L3zqZePp1urbCK5yiapsxgV3AE66c_V5Ub4N4LVjQvs\"","level":"info"}
{"message":"Thu Jun 24 2021 20:54:27 GMT-0300 (Horário Padrão de Brasília) - status: \"Usuário ou senha inválido\"","level":"info"}
{"message":"Thu Jun 24 2021 21:14:57 GMT-0300 (Horário Padrão de Brasília) - status: {\"cep\":\"14401-224\",\"rua\":\"Rua Pompílio Liporoni\",\"bairro\":\"Jardim Boa Esperança\",\"cidade\":\"Franca\",\"uf\":\"SP\"}","level":"info"}
{"message":"Thu Jun 24 2021 21:17:27 GMT-0300 (Horário Padrão de Brasília) - status: {\"cep\":\"14401-224\",\"rua\":\"Rua Pompílio Liporoni\",\"bairro\":\"Jardim Boa Esperança\",\"cidade\":\"Franca\",\"uf\":\"SP\"}","level":"info"}
{"message":"Thu Jun 24 2021 21:17:30 GMT-0300 (Horário Padrão de Brasília) - status: {\"cep\":\"14401-000\",\"rua\":\"Avenida Doutor Hélio Palermo\",\"bairro\":\"Prolongamento Vila Duque de Caxias\",\"cidade\":\"Franca\",\"uf\":\"SP\"}","level":"info"}
{"message":"Thu Jun 24 2021 21:18:07 GMT-0300 (Horário Padrão de Brasília) - status: {\"cep\":\"14401-224\",\"rua\":\"Rua Pompílio Liporoni\",\"bairro\":\"Jardim Boa Esperança\",\"cidade\":\"Franca\",\"uf\":\"SP\"}","level":"info"}
{"message":"Thu Jun 24 2021 21:18:10 GMT-0300 (Horário Padrão de Brasília) - status: {\"cep\":\"14401-000\",\"rua\":\"Avenida Doutor Hélio Palermo\",\"bairro\":\"Prolongamento Vila Duque de Caxias\",\"cidade\":\"Franca\",\"uf\":\"SP\"}","level":"info"}
{"message":"Thu Jun 24 2021 21:18:10 GMT-0300 (Horário Padrão de Brasília) - status: \"CEP inválido\"","level":"info"}
{"message":"Thu Jun 24 2021 21:19:14 GMT-0300 (Horário Padrão de Brasília) - status: {\"cep\":\"14401-224\",\"rua\":\"Rua Pompílio Liporoni\",\"bairro\":\"Jardim Boa Esperança\",\"cidade\":\"Franca\",\"uf\":\"SP\"}","level":"info"}
{"message":"Thu Jun 24 2021 21:19:17 GMT-0300 (Horário Padrão de Brasília) - status: {\"cep\":\"14401-000\",\"rua\":\"Avenida Doutor Hélio Palermo\",\"bairro\":\"Prolongamento Vila Duque de Caxias\",\"cidade\":\"Franca\",\"uf\":\"SP\"}","level":"info"}
{"message":"Thu Jun 24 2021 21:19:17 GMT-0300 (Horário Padrão de Brasília) - status: \"CEP inválido\"","level":"info"}
{"message":"Thu Jun 24 2021 21:19:18 GMT-0300 (Horário Padrão de Brasília) - status: \"eyJhbGciOiJIUzI1NiJ9.YWRtaW4.L3zqZePp1urbCK5yiapsxgV3AE66c_V5Ub4N4LVjQvs\"","level":"info"}
{"message":"Thu Jun 24 2021 21:19:51 GMT-0300 (Horário Padrão de Brasília) - status: \"Usuário ou senha inválido\"","level":"info"}
{"message":"Thu Jun 24 2021 21:19:58 GMT-0300 (Horário Padrão de Brasília) - status: \"eyJhbGciOiJIUzI1NiJ9.YWRtaW4.L3zqZePp1urbCK5yiapsxgV3AE66c_V5Ub4N4LVjQvs\"","level":"info"}
{"message":"Thu Jun 24 2021 21:21:22 GMT-0300 (Horário Padrão de Brasília) - status: \"Usuário ou senha inválido\"","level":"info"}
{"message":"Thu Jun 24 2021 21:21:23 GMT-0300 (Horário Padrão de Brasília) - status: {\"cep\":\"14401-224\",\"rua\":\"Rua Pompílio Liporoni\",\"bairro\":\"Jardim Boa Esperança\",\"cidade\":\"Franca\",\"uf\":\"SP\"}","level":"info"}
{"message":"Thu Jun 24 2021 21:21:27 GMT-0300 (Horário Padrão de Brasília) - status: {\"cep\":\"14401-000\",\"rua\":\"Avenida Doutor Hélio Palermo\",\"bairro\":\"Prolongamento Vila Duque de Caxias\",\"cidade\":\"Franca\",\"uf\":\"SP\"}","level":"info"}
{"message":"Thu Jun 24 2021 21:21:27 GMT-0300 (Horário Padrão de Brasília) - status: \"CEP inválido\"","level":"info"}
{"message":"Thu Jun 24 2021 21:21:27 GMT-0300 (Horário Padrão de Brasília) - status: \"eyJhbGciOiJIUzI1NiJ9.YWRtaW4.L3zqZePp1urbCK5yiapsxgV3AE66c_V5Ub4N4LVjQvs\"","level":"info"}
{"message":"Thu Jun 24 2021 21:21:27 GMT-0300 (Horário Padrão de Brasília) - status: \"Usuário ou senha inválido\"","level":"info"}
{"message":"Thu Jun 24 2021 21:21:36 GMT-0300 (Horário Padrão de Brasília) - status: {\"cep\":\"14401-224\",\"rua\":\"Rua Pompílio Liporoni\",\"bairro\":\"Jardim Boa Esperança\",\"cidade\":\"Franca\",\"uf\":\"SP\"}","level":"info"}
{"message":"Thu Jun 24 2021 21:21:39 GMT-0300 (Horário Padrão de Brasília) - status: {\"cep\":\"14401-000\",\"rua\":\"Avenida Doutor Hélio Palermo\",\"bairro\":\"Prolongamento Vila Duque de Caxias\",\"cidade\":\"Franca\",\"uf\":\"SP\"}","level":"info"}
{"message":"Thu Jun 24 2021 21:21:39 GMT-0300 (Horário Padrão de Brasília) - status: \"CEP inválido\"","level":"info"}
{"message":"Thu Jun 24 2021 21:21:39 GMT-0300 (Horário Padrão de Brasília) - status: \"eyJhbGciOiJIUzI1NiJ9.YWRtaW4.L3zqZePp1urbCK5yiapsxgV3AE66c_V5Ub4N4LVjQvs\"","level":"info"}
{"message":"Thu Jun 24 2021 21:21:39 GMT-0300 (Horário Padrão de Brasília) - status: \"Usuário ou senha inválido\"","level":"info"}
{"message":"Thu Jun 24 2021 21:21:52 GMT-0300 (Horário Padrão de Brasília) - status: {\"cep\":\"14401-224\",\"rua\":\"Rua Pompílio Liporoni\",\"bairro\":\"Jardim Boa Esperança\",\"cidade\":\"Franca\",\"uf\":\"SP\"}","level":"info"}
{"message":"Thu Jun 24 2021 21:21:54 GMT-0300 (Horário Padrão de Brasília) - status: {\"cep\":\"14401-000\",\"rua\":\"Avenida Doutor Hélio Palermo\",\"bairro\":\"Prolongamento Vila Duque de Caxias\",\"cidade\":\"Franca\",\"uf\":\"SP\"}","level":"info"}
{"message":"Thu Jun 24 2021 21:21:54 GMT-0300 (Horário Padrão de Brasília) - status: \"CEP inválido\"","level":"info"}
{"message":"Thu Jun 24 2021 21:21:55 GMT-0300 (Horário Padrão de Brasília) - status: \"eyJhbGciOiJIUzI1NiJ9.YWRtaW4.L3zqZePp1urbCK5yiapsxgV3AE66c_V5Ub4N4LVjQvs\"","level":"info"}
{"message":"Thu Jun 24 2021 21:21:55 GMT-0300 (Horário Padrão de Brasília) - status: \"Usuário ou senha inválido\"","level":"info"}
{"message":"Thu Jun 24 2021 21:22:08 GMT-0300 (Horário Padrão de Brasília) - status: {\"cep\":\"14401-224\",\"rua\":\"Rua Pompílio Liporoni\",\"bairro\":\"Jardim Boa Esperança\",\"cidade\":\"Franca\",\"uf\":\"SP\"}","level":"info"}
{"message":"Thu Jun 24 2021 21:22:11 GMT-0300 (Horário Padrão de Brasília) - status: {\"cep\":\"14401-000\",\"rua\":\"Avenida Doutor Hélio Palermo\",\"bairro\":\"Prolongamento Vila Duque de Caxias\",\"cidade\":\"Franca\",\"uf\":\"SP\"}","level":"info"}
{"message":"Thu Jun 24 2021 21:22:11 GMT-0300 (Horário Padrão de Brasília) - status: \"CEP inválido\"","level":"info"}
{"message":"Thu Jun 24 2021 21:22:12 GMT-0300 (Horário Padrão de Brasília) - status: \"eyJhbGciOiJIUzI1NiJ9.YWRtaW4.L3zqZePp1urbCK5yiapsxgV3AE66c_V5Ub4N4LVjQvs\"","level":"info"}
{"message":"Thu Jun 24 2021 21:22:12 GMT-0300 (Horário Padrão de Brasília) - status: \"Usuário ou senha inválido\"","level":"info"}
{"message":"Thu Jun 24 2021 21:22:57 GMT-0300 (Horário Padrão de Brasília) - status: {\"cep\":\"14401-224\",\"rua\":\"Rua Pompílio Liporoni\",\"bairro\":\"Jardim Boa Esperança\",\"cidade\":\"Franca\",\"uf\":\"SP\"}","level":"info"}
{"message":"Thu Jun 24 2021 21:22:59 GMT-0300 (Horário Padrão de Brasília) - status: {\"cep\":\"14401-000\",\"rua\":\"Avenida Doutor Hélio Palermo\",\"bairro\":\"Prolongamento Vila Duque de Caxias\",\"cidade\":\"Franca\",\"uf\":\"SP\"}","level":"info"}
{"message":"Thu Jun 24 2021 21:22:59 GMT-0300 (Horário Padrão de Brasília) - status: \"CEP inválido\"","level":"info"}
{"message":"Thu Jun 24 2021 21:23:00 GMT-0300 (Horário Padrão de Brasília) - status: \"eyJhbGciOiJIUzI1NiJ9.YWRtaW4.L3zqZePp1urbCK5yiapsxgV3AE66c_V5Ub4N4LVjQvs\"","level":"info"}
{"message":"Thu Jun 24 2021 21:23:00 GMT-0300 (Horário Padrão de Brasília) - status: \"Usuário ou senha inválido\"","level":"info"}
{"message":"Thu Jun 24 2021 21:23:59 GMT-0300 (Horário Padrão de Brasília) - status: {\"cep\":\"14401-224\",\"rua\":\"Rua Pompílio Liporoni\",\"bairro\":\"Jardim Boa Esperança\",\"cidade\":\"Franca\",\"uf\":\"SP\"}","level":"info"}
{"message":"Thu Jun 24 2021 21:24:03 GMT-0300 (Horário Padrão de Brasília) - status: {\"cep\":\"14401-000\",\"rua\":\"Avenida Doutor Hélio Palermo\",\"bairro\":\"Prolongamento Vila Duque de Caxias\",\"cidade\":\"Franca\",\"uf\":\"SP\"}","level":"info"}
{"message":"Thu Jun 24 2021 21:24:03 GMT-0300 (Horário Padrão de Brasília) - status: \"CEP inválido\"","level":"info"}
{"message":"Thu Jun 24 2021 21:24:03 GMT-0300 (Horário Padrão de Brasília) - status: \"eyJhbGciOiJIUzI1NiJ9.YWRtaW4.L3zqZePp1urbCK5yiapsxgV3AE66c_V5Ub4N4LVjQvs\"","level":"info"}
{"message":"Thu Jun 24 2021 21:24:03 GMT-0300 (Horário Padrão de Brasília) - status: \"Usuário ou senha inválido\"","level":"info"}
{"message":"Thu Jun 24 2021 21:25:08 GMT-0300 (Horário Padrão de Brasília) - status: {\"cep\":\"14401-224\",\"rua\":\"Rua Pompílio Liporoni\",\"bairro\":\"Jardim Boa Esperança\",\"cidade\":\"Franca\",\"uf\":\"SP\"}","level":"info"}
{"message":"Thu Jun 24 2021 21:25:10 GMT-0300 (Horário Padrão de Brasília) - status: {\"cep\":\"14401-000\",\"rua\":\"Avenida Doutor Hélio Palermo\",\"bairro\":\"Prolongamento Vila Duque de Caxias\",\"cidade\":\"Franca\",\"uf\":\"SP\"}","level":"info"}
{"message":"Thu Jun 24 2021 21:25:10 GMT-0300 (Horário Padrão de Brasília) - status: \"CEP inválido\"","level":"info"}
{"message":"Thu Jun 24 2021 21:25:11 GMT-0300 (Horário Padrão de Brasília) - status: \"eyJhbGciOiJIUzI1NiJ9.YWRtaW4.L3zqZePp1urbCK5yiapsxgV3AE66c_V5Ub4N4LVjQvs\"","level":"info"}
{"message":"Thu Jun 24 2021 21:25:11 GMT-0300 (Horário Padrão de Brasília) - status: \"Usuário ou senha inválido\"","level":"info"}
{"message":"Thu Jun 24 2021 21:26:40 GMT-0300 (Horário Padrão de Brasília) - status: {\"cep\":\"14401-224\",\"rua\":\"Rua Pompílio Liporoni\",\"bairro\":\"Jardim Boa Esperança\",\"cidade\":\"Franca\",\"uf\":\"SP\"}","level":"info"}
{"message":"Thu Jun 24 2021 21:26:43 GMT-0300 (Horário Padrão de Brasília) - status: {\"cep\":\"14401-000\",\"rua\":\"Avenida Doutor Hélio Palermo\",\"bairro\":\"Prolongamento Vila Duque de Caxias\",\"cidade\":\"Franca\",\"uf\":\"SP\"}","level":"info"}
{"message":"Thu Jun 24 2021 21:26:43 GMT-0300 (Horário Padrão de Brasília) - status: \"CEP inválido\"","level":"info"}
{"message":"Thu Jun 24 2021 21:26:43 GMT-0300 (Horário Padrão de Brasília) - status: \"eyJhbGciOiJIUzI1NiJ9.YWRtaW4.L3zqZePp1urbCK5yiapsxgV3AE66c_V5Ub4N4LVjQvs\"","level":"info"}
{"message":"Thu Jun 24 2021 21:26:43 GMT-0300 (Horário Padrão de Brasília) - status: \"Usuário ou senha inválido\"","level":"info"}
{"message":"Thu Jun 24 2021 21:26:56 GMT-0300 (Horário Padrão de Brasília) - status: {\"cep\":\"14401-224\",\"rua\":\"Rua Pompílio Liporoni\",\"bairro\":\"Jardim Boa Esperança\",\"cidade\":\"Franca\",\"uf\":\"SP\"}","level":"info"}
{"message":"Thu Jun 24 2021 21:26:59 GMT-0300 (Horário Padrão de Brasília) - status: {\"cep\":\"14401-000\",\"rua\":\"Avenida Doutor Hélio Palermo\",\"bairro\":\"Prolongamento Vila Duque de Caxias\",\"cidade\":\"Franca\",\"uf\":\"SP\"}","level":"info"}
{"message":"Thu Jun 24 2021 21:26:59 GMT-0300 (Horário Padrão de Brasília) - status: \"CEP inválido\"","level":"info"}
{"message":"Thu Jun 24 2021 21:26:59 GMT-0300 (Horário Padrão de Brasília) - status: \"eyJhbGciOiJIUzI1NiJ9.YWRtaW4.L3zqZePp1urbCK5yiapsxgV3AE66c_V5Ub4N4LVjQvs\"","level":"info"}
{"message":"Thu Jun 24 2021 21:26:59 GMT-0300 (Horário Padrão de Brasília) - status: \"Usuário ou senha inválido\"","level":"info"}
{"message":"Thu Jun 24 2021 21:28:56 GMT-0300 (Horário Padrão de Brasília) - status: {\"cep\":\"14401-224\",\"rua\":\"Rua Pompílio Liporoni\",\"bairro\":\"Jardim Boa Esperança\",\"cidade\":\"Franca\",\"uf\":\"SP\"}","level":"info"}
{"message":"Thu Jun 24 2021 21:28:58 GMT-0300 (Horário Padrão de Brasília) - status: {\"cep\":\"14401-000\",\"rua\":\"Avenida Doutor Hélio Palermo\",\"bairro\":\"Prolongamento Vila Duque de Caxias\",\"cidade\":\"Franca\",\"uf\":\"SP\"}","level":"info"}
{"message":"Thu Jun 24 2021 21:28:58 GMT-0300 (Horário Padrão de Brasília) - status: \"CEP inválido\"","level":"info"}
{"message":"Thu Jun 24 2021 21:28:58 GMT-0300 (Horário Padrão de Brasília) - status: \"eyJhbGciOiJIUzI1NiJ9.YWRtaW4.L3zqZePp1urbCK5yiapsxgV3AE66c_V5Ub4N4LVjQvs\"","level":"info"}
{"message":"Thu Jun 24 2021 21:28:58 GMT-0300 (Horário Padrão de Brasília) - status: \"Usuário ou senha inválido\"","level":"info"}
{"message":"Thu Jun 24 2021 21:29:14 GMT-0300 (Horário Padrão de Brasília) - status: {\"cep\":\"14401-224\",\"rua\":\"Rua Pompílio Liporoni\",\"bairro\":\"Jardim Boa Esperança\",\"cidade\":\"Franca\",\"uf\":\"SP\"}","level":"info"}
{"message":"Thu Jun 24 2021 21:29:16 GMT-0300 (Horário Padrão de Brasília) - status: {\"cep\":\"14401-000\",\"rua\":\"Avenida Doutor Hélio Palermo\",\"bairro\":\"Prolongamento Vila Duque de Caxias\",\"cidade\":\"Franca\",\"uf\":\"SP\"}","level":"info"}
{"message":"Thu Jun 24 2021 21:29:16 GMT-0300 (Horário Padrão de Brasília) - status: \"CEP inválido\"","level":"info"}
{"message":"Thu Jun 24 2021 21:29:16 GMT-0300 (Horário Padrão de Brasília) - status: \"eyJhbGciOiJIUzI1NiJ9.YWRtaW4.L3zqZePp1urbCK5yiapsxgV3AE66c_V5Ub4N4LVjQvs\"","level":"info"}
{"message":"Thu Jun 24 2021 21:29:16 GMT-0300 (Horário Padrão de Brasília) - status: \"Usuário ou senha inválido\"","level":"info"}
{"message":"Thu Jun 24 2021 21:31:01 GMT-0300 (Horário Padrão de Brasília) - status: {\"cep\":\"14401-224\",\"rua\":\"Rua Pompílio Liporoni\",\"bairro\":\"Jardim Boa Esperança\",\"cidade\":\"Franca\",\"uf\":\"SP\"}","level":"info"}
{"message":"Thu Jun 24 2021 21:31:04 GMT-0300 (Horário Padrão de Brasília) - status: {\"cep\":\"14401-000\",\"rua\":\"Avenida Doutor Hélio Palermo\",\"bairro\":\"Prolongamento Vila Duque de Caxias\",\"cidade\":\"Franca\",\"uf\":\"SP\"}","level":"info"}
{"message":"Thu Jun 24 2021 21:31:04 GMT-0300 (Horário Padrão de Brasília) - status: \"CEP inválido\"","level":"info"}
{"message":"Thu Jun 24 2021 21:31:04 GMT-0300 (Horário Padrão de Brasília) - status: \"eyJhbGciOiJIUzI1NiJ9.YWRtaW4.L3zqZePp1urbCK5yiapsxgV3AE66c_V5Ub4N4LVjQvs\"","level":"info"}
{"message":"Thu Jun 24 2021 21:31:04 GMT-0300 (Horário Padrão de Brasília) - status: \"Usuário ou senha inválido\"","level":"info"}
{"message":"Thu Jun 24 2021 21:31:21 GMT-0300 (Horário Padrão de Brasília) - status: {\"cep\":\"14401-224\",\"rua\":\"Rua Pompílio Liporoni\",\"bairro\":\"Jardim Boa Esperança\",\"cidade\":\"Franca\",\"uf\":\"SP\"}","level":"info"}
{"message":"Thu Jun 24 2021 21:31:23 GMT-0300 (Horário Padrão de Brasília) - status: {\"cep\":\"14401-000\",\"rua\":\"Avenida Doutor Hélio Palermo\",\"bairro\":\"Prolongamento Vila Duque de Caxias\",\"cidade\":\"Franca\",\"uf\":\"SP\"}","level":"info"}
{"message":"Thu Jun 24 2021 21:31:23 GMT-0300 (Horário Padrão de Brasília) - status: \"CEP inválido\"","level":"info"}
{"message":"Thu Jun 24 2021 21:31:24 GMT-0300 (Horário Padrão de Brasília) - status: \"eyJhbGciOiJIUzI1NiJ9.YWRtaW4.L3zqZePp1urbCK5yiapsxgV3AE66c_V5Ub4N4LVjQvs\"","level":"info"}
{"message":"Thu Jun 24 2021 21:31:24 GMT-0300 (Horário Padrão de Brasília) - status: \"Usuário ou senha inválido\"","level":"info"}
{"message":"Thu Jun 24 2021 21:32:04 GMT-0300 (Horário Padrão de Brasília) - status: {\"cep\":\"14401-224\",\"rua\":\"Rua Pompílio Liporoni\",\"bairro\":\"Jardim Boa Esperança\",\"cidade\":\"Franca\",\"uf\":\"SP\"}","level":"info"}
{"message":"Thu Jun 24 2021 21:32:08 GMT-0300 (Horário Padrão de Brasília) - status: {\"cep\":\"14401-000\",\"rua\":\"Avenida Doutor Hélio Palermo\",\"bairro\":\"Prolongamento Vila Duque de Caxias\",\"cidade\":\"Franca\",\"uf\":\"SP\"}","level":"info"}
{"message":"Thu Jun 24 2021 21:32:08 GMT-0300 (Horário Padrão de Brasília) - status: \"CEP inválido\"","level":"info"}
{"message":"Thu Jun 24 2021 21:32:08 GMT-0300 (Horário Padrão de Brasília) - status: \"eyJhbGciOiJIUzI1NiJ9.YWRtaW4.L3zqZePp1urbCK5yiapsxgV3AE66c_V5Ub4N4LVjQvs\"","level":"info"}
{"message":"Thu Jun 24 2021 21:32:08 GMT-0300 (Horário Padrão de Brasília) - status: \"Usuário ou senha inválido\"","level":"info"}
{"message":"Thu Jun 24 2021 21:32:22 GMT-0300 (Horário Padrão de Brasília) - status: {\"cep\":\"14401-224\",\"rua\":\"Rua Pompílio Liporoni\",\"bairro\":\"Jardim Boa Esperança\",\"cidade\":\"Franca\",\"uf\":\"SP\"}","level":"info"}
{"message":"Thu Jun 24 2021 21:32:24 GMT-0300 (Horário Padrão de Brasília) - status: {\"cep\":\"14401-000\",\"rua\":\"Avenida Doutor Hélio Palermo\",\"bairro\":\"Prolongamento Vila Duque de Caxias\",\"cidade\":\"Franca\",\"uf\":\"SP\"}","level":"info"}
{"message":"Thu Jun 24 2021 21:32:24 GMT-0300 (Horário Padrão de Brasília) - status: \"CEP inválido\"","level":"info"}
{"message":"Thu Jun 24 2021 21:32:25 GMT-0300 (Horário Padrão de Brasília) - status: \"eyJhbGciOiJIUzI1NiJ9.YWRtaW4.L3zqZePp1urbCK5yiapsxgV3AE66c_V5Ub4N4LVjQvs\"","level":"info"}
{"message":"Thu Jun 24 2021 21:32:25 GMT-0300 (Horário Padrão de Brasília) - status: \"Usuário ou senha inválido\"","level":"info"}
{"message":"Thu Jun 24 2021 21:32:42 GMT-0300 (Horário Padrão de Brasília) - status: {\"cep\":\"14401-224\",\"rua\":\"Rua Pompílio Liporoni\",\"bairro\":\"Jardim Boa Esperança\",\"cidade\":\"Franca\",\"uf\":\"SP\"}","level":"info"}
{"message":"Thu Jun 24 2021 21:32:44 GMT-0300 (Horário Padrão de Brasília) - status: {\"cep\":\"14401-000\",\"rua\":\"Avenida Doutor Hélio Palermo\",\"bairro\":\"Prolongamento Vila Duque de Caxias\",\"cidade\":\"Franca\",\"uf\":\"SP\"}","level":"info"}
{"message":"Thu Jun 24 2021 21:32:44 GMT-0300 (Horário Padrão de Brasília) - status: \"CEP inválido\"","level":"info"}
{"message":"Thu Jun 24 2021 21:32:45 GMT-0300 (Horário Padrão de Brasília) - status: \"eyJhbGciOiJIUzI1NiJ9.YWRtaW4.L3zqZePp1urbCK5yiapsxgV3AE66c_V5Ub4N4LVjQvs\"","level":"info"}
{"message":"Thu Jun 24 2021 21:32:45 GMT-0300 (Horário Padrão de Brasília) - status: \"Usuário ou senha inválido\"","level":"info"}
